2023-11-21 at 17:59:11 | INFO | Buscando Inventory IDs de Produtos FulFillment na API do Mercado Livre
2023-11-21 at 17:59:11 | INFO | Ocorreu um erro: connection to server at "localhost" (127.0.0.1), port 5432 failed: Connection refused
	Is the server running on that host and accepting TCP/IP connections?

2023-11-21 at 17:59:36 | INFO | Buscando Inventory IDs de Produtos FulFillment na API do Mercado Livre
2023-11-21 at 17:59:36 | INFO | Buscando Inventory IDs de Produtos FulFillment na API do Mercado Livre
2023-11-21 at 17:59:37 | INFO | Criando DataFrame com a tabela 'tiny_ml_codes'
2023-11-21 at 17:59:37 | INFO | Criando DataFrame com a tabela 'tiny_ml_codes'
2023-11-21 at 18:01:48 | INFO | Buscando inventory_ids para consultar no Mercado Livre
2023-11-21 at 18:01:48 | INFO | Buscando inventory_ids para consultar no Mercado Livre
2023-11-21 at 18:01:48 | INFO | Buscando Inventory IDs de Produtos FulFillment na API do Mercado Livre
2023-11-21 at 18:01:48 | INFO | Buscando Inventory IDs de Produtos FulFillment na API do Mercado Livre
2023-11-21 at 18:01:49 | INFO | Criando DataFrame com a tabela 'tiny_ml_codes'
2023-11-21 at 18:01:49 | INFO | Criando DataFrame com a tabela 'tiny_ml_codes'
2023-11-21 at 18:01:49 | INFO | Buscando dados de: DSGP06967
2023-11-21 at 18:01:49 | INFO | Buscando dados de: DSGP06967
2023-11-21 at 18:01:51 | INFO | Buscando dados de: DSGP06979
2023-11-21 at 18:01:51 | INFO | Buscando dados de: DSGP06979
2023-11-21 at 18:01:52 | INFO | Buscando dados de: JJSZ06277
2023-11-21 at 18:01:52 | INFO | Buscando dados de: JJSZ06277
2023-11-21 at 18:01:53 | INFO | Buscando dados de: DGCL82617
2023-11-21 at 18:01:53 | INFO | Buscando dados de: DGCL82617
2023-11-21 at 18:01:54 | INFO | Buscando dados de: GCYF86172
2023-11-21 at 18:01:54 | INFO | Buscando dados de: GCYF86172
2023-11-21 at 18:01:56 | INFO | Buscando dados de: SIZW84848
2023-11-21 at 18:01:56 | INFO | Buscando dados de: SIZW84848
2023-11-21 at 18:01:57 | INFO | Buscando dados de: SOQF03130
2023-11-21 at 18:01:57 | INFO | Buscando dados de: SOQF03130
2023-11-21 at 18:01:58 | INFO | Buscando dados de: ZRDQ91074
2023-11-21 at 18:01:58 | INFO | Buscando dados de: ZRDQ91074
2023-11-21 at 18:01:59 | INFO | Buscando dados de: TAPQ85749
2023-11-21 at 18:01:59 | INFO | Buscando dados de: TAPQ85749
2023-11-21 at 18:02:01 | INFO | Buscando dados de: FRBW82060
2023-11-21 at 18:02:01 | INFO | Buscando dados de: FRBW82060
2023-11-21 at 18:03:26 | INFO | Buscando inventory_ids para consultar no Mercado Livre
2023-11-21 at 18:03:26 | INFO | Buscando inventory_ids para consultar no Mercado Livre
2023-11-21 at 18:03:26 | INFO | Buscando Inventory IDs de Produtos FulFillment na API do Mercado Livre
2023-11-21 at 18:03:26 | INFO | Buscando Inventory IDs de Produtos FulFillment na API do Mercado Livre
2023-11-21 at 18:03:27 | INFO | Criando DataFrame com a tabela 'tiny_ml_codes'
2023-11-21 at 18:03:27 | INFO | Criando DataFrame com a tabela 'tiny_ml_codes'
2023-11-21 at 18:03:27 | INFO | Buscando dados de: DSGP06967
2023-11-21 at 18:03:27 | INFO | Buscando dados de: DSGP06967
2023-11-21 at 18:03:29 | INFO | Buscando dados de: DSGP06979
2023-11-21 at 18:03:29 | INFO | Buscando dados de: DSGP06979
2023-11-21 at 18:03:30 | INFO | Buscando dados de: JJSZ06277
2023-11-21 at 18:03:30 | INFO | Buscando dados de: JJSZ06277
2023-11-21 at 18:03:31 | INFO | Buscando dados de: DGCL82617
2023-11-21 at 18:03:31 | INFO | Buscando dados de: DGCL82617
2023-11-21 at 18:03:32 | INFO | Buscando dados de: GCYF86172
2023-11-21 at 18:03:32 | INFO | Buscando dados de: GCYF86172
2023-11-21 at 18:03:34 | INFO | Buscando dados de: SIZW84848
2023-11-21 at 18:03:34 | INFO | Buscando dados de: SIZW84848
2023-11-21 at 18:03:35 | INFO | Buscando dados de: SOQF03130
2023-11-21 at 18:03:35 | INFO | Buscando dados de: SOQF03130
2023-11-21 at 18:03:36 | INFO | Buscando dados de: ZRDQ91074
2023-11-21 at 18:03:36 | INFO | Buscando dados de: ZRDQ91074
2023-11-21 at 18:03:37 | INFO | Buscando dados de: TAPQ85749
2023-11-21 at 18:03:37 | INFO | Buscando dados de: TAPQ85749
2023-11-21 at 18:03:39 | INFO | Buscando dados de: FRBW82060
2023-11-21 at 18:03:39 | INFO | Buscando dados de: FRBW82060
2023-11-21 at 18:06:33 | INFO | Buscando inventory_ids para consultar no Mercado Livre
2023-11-21 at 18:06:33 | INFO | Buscando inventory_ids para consultar no Mercado Livre
2023-11-21 at 18:06:33 | INFO | Buscando inventory_ids para consultar no Mercado Livre
2023-11-21 at 18:06:33 | INFO | Buscando Inventory IDs de Produtos FulFillment na API do Mercado Livre
2023-11-21 at 18:06:33 | INFO | Buscando Inventory IDs de Produtos FulFillment na API do Mercado Livre
2023-11-21 at 18:06:33 | INFO | Buscando Inventory IDs de Produtos FulFillment na API do Mercado Livre
2023-11-21 at 18:06:34 | INFO | Criando DataFrame com a tabela 'tiny_ml_codes'
2023-11-21 at 18:06:34 | INFO | Criando DataFrame com a tabela 'tiny_ml_codes'
2023-11-21 at 18:06:34 | INFO | Criando DataFrame com a tabela 'tiny_ml_codes'
2023-11-21 at 18:06:34 | INFO | Buscando dados de: DSGP06967
2023-11-21 at 18:06:34 | INFO | Buscando dados de: DSGP06967
2023-11-21 at 18:06:34 | INFO | Buscando dados de: DSGP06967
2023-11-21 at 18:06:36 | INFO | Buscando dados de: DSGP06979
2023-11-21 at 18:06:36 | INFO | Buscando dados de: DSGP06979
2023-11-21 at 18:06:36 | INFO | Buscando dados de: DSGP06979
2023-11-21 at 18:06:37 | INFO | Buscando dados de: JJSZ06277
2023-11-21 at 18:06:37 | INFO | Buscando dados de: JJSZ06277
2023-11-21 at 18:06:37 | INFO | Buscando dados de: JJSZ06277
2023-11-21 at 18:06:38 | INFO | Buscando dados de: DGCL82617
2023-11-21 at 18:06:38 | INFO | Buscando dados de: DGCL82617
2023-11-21 at 18:06:38 | INFO | Buscando dados de: DGCL82617
2023-11-21 at 18:06:39 | INFO | Buscando dados de: GCYF86172
2023-11-21 at 18:06:39 | INFO | Buscando dados de: GCYF86172
2023-11-21 at 18:06:39 | INFO | Buscando dados de: GCYF86172
2023-11-21 at 18:06:41 | INFO | Buscando dados de: SIZW84848
2023-11-21 at 18:06:41 | INFO | Buscando dados de: SIZW84848
2023-11-21 at 18:06:41 | INFO | Buscando dados de: SIZW84848
2023-11-21 at 18:06:42 | INFO | Buscando dados de: SOQF03130
2023-11-21 at 18:06:42 | INFO | Buscando dados de: SOQF03130
2023-11-21 at 18:06:42 | INFO | Buscando dados de: SOQF03130
2023-11-21 at 18:06:43 | INFO | Buscando dados de: ZRDQ91074
2023-11-21 at 18:06:43 | INFO | Buscando dados de: ZRDQ91074
2023-11-21 at 18:06:43 | INFO | Buscando dados de: ZRDQ91074
2023-11-21 at 18:06:44 | INFO | Buscando dados de: TAPQ85749
2023-11-21 at 18:06:44 | INFO | Buscando dados de: TAPQ85749
2023-11-21 at 18:06:44 | INFO | Buscando dados de: TAPQ85749
2023-11-21 at 18:06:46 | INFO | Buscando dados de: FRBW82060
2023-11-21 at 18:06:46 | INFO | Buscando dados de: FRBW82060
2023-11-21 at 18:06:46 | INFO | Buscando dados de: FRBW82060
2023-11-21 at 18:07:09 | INFO | Buscando inventory_ids para consultar no Mercado Livre
2023-11-21 at 18:07:09 | INFO | Buscando Inventory IDs de Produtos FulFillment na API do Mercado Livre
2023-11-21 at 18:07:10 | INFO | Criando DataFrame com a tabela 'tiny_ml_codes'
2023-11-21 at 18:07:10 | INFO | Buscando dados de: DSGP06967
2023-11-21 at 18:07:12 | INFO | Buscando dados de: DSGP06979
2023-11-21 at 18:07:13 | INFO | Buscando dados de: JJSZ06277
2023-11-21 at 18:07:14 | INFO | Buscando dados de: DGCL82617
2023-11-21 at 18:07:16 | INFO | Buscando dados de: GCYF86172
2023-11-21 at 18:07:17 | INFO | Buscando dados de: SIZW84848
2023-11-21 at 18:07:18 | INFO | Buscando dados de: SOQF03130
2023-11-21 at 18:07:19 | INFO | Buscando dados de: ZRDQ91074
2023-11-21 at 18:07:21 | INFO | Buscando dados de: TAPQ85749
2023-11-21 at 18:07:22 | INFO | Buscando dados de: FRBW82060
2023-11-21 at 18:08:43 | INFO | Buscando inventory_ids para consultar no Mercado Livre
2023-11-21 at 18:08:43 | INFO | Buscando Inventory IDs de Produtos FulFillment na API do Mercado Livre
2023-11-21 at 18:08:44 | INFO | Criando DataFrame com a tabela 'tiny_ml_codes'
2023-11-21 at 18:08:44 | INFO | Buscando dados de: DSGP06967
2023-11-21 at 18:08:46 | INFO | Buscando dados de: DSGP06979
2023-11-21 at 18:08:47 | INFO | Buscando dados de: JJSZ06277
2023-11-21 at 18:08:48 | INFO | Buscando dados de: DGCL82617
2023-11-21 at 18:08:49 | INFO | Buscando dados de: GCYF86172
2023-11-21 at 18:08:51 | INFO | Buscando dados de: SIZW84848
2023-11-21 at 18:08:52 | INFO | Buscando dados de: SOQF03130
2023-11-21 at 18:08:53 | INFO | Buscando dados de: ZRDQ91074
2023-11-21 at 18:08:54 | INFO | Buscando dados de: TAPQ85749
2023-11-21 at 18:08:56 | INFO | Buscando dados de: FRBW82060
2023-11-21 at 18:09:21 | INFO | Buscando inventory_ids para consultar no Mercado Livre
2023-11-21 at 18:09:22 | INFO | Buscando inventory_ids para consultar no Mercado Livre
2023-11-21 at 18:09:22 | INFO | Buscando Inventory IDs de Produtos FulFillment na API do Mercado Livre
2023-11-21 at 18:09:22 | INFO | Criando DataFrame com a tabela 'tiny_ml_codes'
2023-11-21 at 18:09:22 | INFO | Buscando dados de: DSGP06967
2023-11-21 at 18:09:24 | INFO | Buscando dados de: DSGP06979
2023-11-21 at 18:09:25 | INFO | Buscando dados de: JJSZ06277
2023-11-21 at 18:09:26 | INFO | Buscando dados de: DGCL82617
2023-11-21 at 18:09:27 | INFO | Buscando dados de: GCYF86172
2023-11-21 at 18:09:29 | INFO | Buscando dados de: SIZW84848
2023-11-21 at 18:09:30 | INFO | Buscando dados de: SOQF03130
2023-11-21 at 18:09:31 | INFO | Buscando dados de: ZRDQ91074
2023-11-21 at 18:09:32 | INFO | Buscando dados de: TAPQ85749
2023-11-21 at 18:09:34 | INFO | Buscando dados de: FRBW82060
2023-11-21 at 18:10:47 | INFO | Buscando inventory_ids para consultar no Mercado Livre
2023-11-21 at 18:10:47 | INFO | Buscando inventory_ids para consultar no Mercado Livre
2023-11-21 at 18:10:47 | INFO | Buscando Inventory IDs de Produtos FulFillment na API do Mercado Livre
2023-11-21 at 18:10:48 | INFO | Criando DataFrame com a tabela 'tiny_ml_codes'
2023-11-21 at 18:10:48 | INFO | Buscando dados de: DSGP06967
2023-11-21 at 18:10:50 | INFO | Buscando dados de: DSGP06979
2023-11-21 at 18:10:51 | INFO | Buscando dados de: JJSZ06277
2023-11-21 at 18:10:52 | INFO | Buscando dados de: DGCL82617
2023-11-21 at 18:10:53 | INFO | Buscando dados de: GCYF86172
2023-11-21 at 18:10:55 | INFO | Buscando dados de: SIZW84848
2023-11-21 at 18:10:56 | INFO | Buscando dados de: SOQF03130
2023-11-21 at 18:10:57 | INFO | Buscando dados de: ZRDQ91074
2023-11-21 at 18:10:58 | INFO | Buscando dados de: TAPQ85749
2023-11-21 at 18:11:00 | INFO | Buscando dados de: FRBW82060
2023-11-21 at 18:13:16 | INFO | Buscando inventory_ids para consultar no Mercado Livre
2023-11-21 at 18:13:16 | INFO | Buscando inventory_ids para consultar no Mercado Livre
2023-11-21 at 18:13:16 | INFO | Buscando Inventory IDs de Produtos FulFillment na API do Mercado Livre
2023-11-21 at 18:13:16 | INFO | Criando DataFrame com a tabela 'tiny_ml_codes'
2023-11-21 at 18:13:16 | INFO | Buscando dados de: DSGP06967
2023-11-21 at 18:13:18 | INFO | Buscando dados de: DSGP06979
2023-11-21 at 18:13:19 | INFO | Buscando dados de: JJSZ06277
2023-11-21 at 18:13:20 | INFO | Buscando dados de: DGCL82617
2023-11-21 at 18:13:21 | INFO | Buscando dados de: GCYF86172
2023-11-21 at 18:13:23 | INFO | Buscando dados de: SIZW84848
2023-11-21 at 18:13:24 | INFO | Buscando dados de: SOQF03130
2023-11-21 at 18:13:25 | INFO | Buscando dados de: ZRDQ91074
2023-11-21 at 18:13:26 | INFO | Buscando dados de: TAPQ85749
2023-11-21 at 18:13:28 | INFO | Buscando dados de: FRBW82060
2023-11-21 at 18:13:48 | INFO | Buscando inventory_ids para consultar no Mercado Livre
2023-11-21 at 18:13:48 | INFO | Buscando inventory_ids para consultar no Mercado Livre
2023-11-21 at 18:13:48 | INFO | Buscando Inventory IDs de Produtos FulFillment na API do Mercado Livre
2023-11-21 at 18:13:49 | INFO | Criando DataFrame com a tabela 'tiny_ml_codes'
2023-11-21 at 18:13:49 | INFO | Buscando dados de: DSGP06967
2023-11-21 at 18:13:51 | INFO | Buscando dados de: DSGP06979
2023-11-21 at 18:13:52 | INFO | Buscando dados de: JJSZ06277
2023-11-21 at 18:13:53 | INFO | Buscando dados de: DGCL82617
2023-11-21 at 18:13:55 | INFO | Buscando dados de: GCYF86172
2023-11-21 at 18:13:56 | INFO | Buscando dados de: SIZW84848
2023-11-21 at 18:13:57 | INFO | Buscando dados de: SOQF03130
2023-11-21 at 18:13:58 | INFO | Buscando dados de: ZRDQ91074
2023-11-21 at 18:14:00 | INFO | Buscando dados de: TAPQ85749
2023-11-21 at 18:14:01 | INFO | Buscando dados de: FRBW82060
2023-11-21 at 18:14:22 | INFO | Buscando inventory_ids para consultar no Mercado Livre
2023-11-21 at 18:14:22 | INFO | Buscando inventory_ids para consultar no Mercado Livre
2023-11-21 at 18:14:22 | INFO | Buscando Inventory IDs de Produtos FulFillment na API do Mercado Livre
2023-11-21 at 18:14:23 | INFO | Criando DataFrame com a tabela 'tiny_ml_codes'
2023-11-21 at 18:14:23 | INFO | Buscando dados de: DSGP06967
2023-11-21 at 18:14:25 | INFO | Buscando dados de: DSGP06979
2023-11-21 at 18:14:26 | INFO | Buscando dados de: JJSZ06277
2023-11-21 at 18:14:27 | INFO | Buscando dados de: DGCL82617
2023-11-21 at 18:14:28 | INFO | Buscando dados de: GCYF86172
2023-11-21 at 18:14:30 | INFO | Buscando dados de: SIZW84848
2023-11-21 at 18:14:31 | INFO | Buscando dados de: SOQF03130
2023-11-21 at 18:14:32 | INFO | Buscando dados de: ZRDQ91074
2023-11-21 at 18:14:33 | INFO | Buscando dados de: TAPQ85749
2023-11-21 at 18:14:35 | INFO | Buscando dados de: FRBW82060
2023-11-21 at 18:15:57 | INFO | Buscando inventory_ids para consultar no Mercado Livre
2023-11-21 at 18:15:57 | INFO | Buscando inventory_ids para consultar no Mercado Livre
2023-11-21 at 18:15:57 | INFO | Buscando Inventory IDs de Produtos FulFillment na API do Mercado Livre
2023-11-21 at 18:15:57 | INFO | Criando DataFrame com a tabela 'tiny_ml_codes'
2023-11-21 at 18:15:57 | INFO | Buscando dados de: DSGP06967
2023-11-21 at 18:15:59 | INFO | Buscando dados de: DSGP06979
2023-11-21 at 18:16:00 | INFO | Buscando dados de: JJSZ06277
2023-11-21 at 18:16:01 | INFO | Buscando dados de: DGCL82617
2023-11-21 at 18:16:02 | INFO | Buscando dados de: GCYF86172
2023-11-21 at 18:16:04 | INFO | Buscando dados de: SIZW84848
2023-11-21 at 18:16:05 | INFO | Buscando dados de: SOQF03130
2023-11-21 at 18:16:06 | INFO | Buscando dados de: ZRDQ91074
2023-11-21 at 18:16:07 | INFO | Buscando dados de: TAPQ85749
2023-11-21 at 18:16:09 | INFO | Buscando dados de: FRBW82060
